npm verb cli C:\Program Files\nodejs\node.exe C:\Program Files\nodejs\node_modules\npm\bin\npm-cli.js
npm info using npm@9.8.1
npm info using node@v18.18.0
npm verb title npm install
npm verb argv "install" "--legacy-peer-deps" "--loglevel" "verbose"
npm verb logfile logs-max:10 dir:C:\Users\Duishembieva\AppData\Local\npm-cache\_logs\2023-12-13T02_16_11_725Z-
npm verb logfile C:\Users\Duishembieva\AppData\Local\npm-cache\_logs\2023-12-13T02_16_11_725Z-debug-0.log
npm http fetch GET 200 https://registry.npmjs.org/browserstack-cypress-cli 276ms (cache revalidated)
npm http fetch GET 200 https://registry.npmjs.org/cypress 87ms (cache revalidated)
npm http fetch GET 200 https://registry.npmjs.org/archiver 156ms (cache revalidated)
npm http fetch GET 200 https://registry.npmjs.org/windows-release 199ms (cache revalidated)
npm http fetch GET 200 https://registry.npmjs.org/async 208ms (cache revalidated)
npm http fetch GET 200 https://registry.npmjs.org/cli-progress 239ms (cache revalidated)
npm http fetch GET 200 https://registry.npmjs.org/fs-extra 243ms (cache revalidated)
npm http fetch GET 200 https://registry.npmjs.org/request 242ms (cache revalidated)
npm http fetch GET 200 https://registry.npmjs.org/glob 244ms (cache revalidated)
npm http fetch GET 200 https://registry.npmjs.org/git-last-commit 249ms (cache revalidated)
npm http fetch GET 200 https://registry.npmjs.org/gitconfiglocal 248ms (cache revalidated)
npm http fetch GET 200 https://registry.npmjs.org/git-repo-info 264ms (cache revalidated)
npm http fetch GET 200 https://registry.npmjs.org/update-notifier 262ms (cache revalidated)
npm http fetch GET 200 https://registry.npmjs.org/decompress 261ms (cache revalidated)
npm http fetch GET 200 https://registry.npmjs.org/requestretry 264ms (cache revalidated)
npm http fetch GET 200 https://registry.npmjs.org/node-ipc 265ms (cache revalidated)
npm http fetch GET 200 https://registry.npmjs.org/chalk 270ms (cache revalidated)
npm http fetch GET 200 https://registry.npmjs.org/mocha 267ms (cache revalidated)
npm http fetch GET 200 https://registry.npmjs.org/winston 272ms (cache revalidated)
npm http fetch GET 200 https://registry.npmjs.org/yargs 273ms (cache revalidated)
npm http fetch GET 200 https://registry.npmjs.org/@types%2fsizzle 273ms (cache revalidated)
npm http fetch GET 200 https://registry.npmjs.org/blob-util 275ms (cache revalidated)
npm http fetch GET 200 https://registry.npmjs.org/uuid 281ms (cache revalidated)
npm http fetch GET 200 https://registry.npmjs.org/arch 278ms (cache revalidated)
npm http fetch GET 200 https://registry.npmjs.org/browserstack-local 293ms (cache revalidated)
npm http fetch GET 200 https://registry.npmjs.org/mkdirp 292ms (cache revalidated)
npm http fetch GET 200 https://registry.npmjs.org/buffer 285ms (cache revalidated)
npm http fetch GET 200 https://registry.npmjs.org/getmac 299ms (cache revalidated)
npm http fetch GET 200 https://registry.npmjs.org/chalk 290ms (cache revalidated)
npm http fetch GET 200 https://registry.npmjs.org/table 303ms (cache revalidated)
npm http fetch GET 200 https://registry.npmjs.org/cli-table3 299ms (cache revalidated)
npm http fetch GET 200 https://registry.npmjs.org/@types%2fnode 309ms (cache revalidated)
npm http fetch GET 200 https://registry.npmjs.org/enquirer 316ms (cache revalidated)
npm http fetch GET 200 https://registry.npmjs.org/cli-cursor 320ms (cache revalidated)
npm http fetch GET 200 https://registry.npmjs.org/check-more-types 323ms (cache revalidated)
npm http fetch GET 200 https://registry.npmjs.org/@cypress%2fxvfb 331ms (cache revalidated)
npm http fetch GET 200 https://registry.npmjs.org/@types%2fsinonjs__fake-timers 350ms (cache revalidated)
npm http fetch GET 200 https://registry.npmjs.org/eventemitter2 345ms (cache revalidated)
npm http fetch GET 200 https://registry.npmjs.org/common-tags 348ms (cache revalidated)
npm http fetch GET 200 https://registry.npmjs.org/executable 347ms (cache revalidated)
npm http fetch GET 200 https://registry.npmjs.org/log-symbols 339ms (cache revalidated)
npm http fetch GET 200 https://registry.npmjs.org/dayjs 350ms (cache revalidated)
npm http fetch GET 200 https://registry.npmjs.org/debug 351ms (cache revalidated)
npm http fetch GET 200 https://registry.npmjs.org/lodash 343ms (cache revalidated)
npm http fetch GET 200 https://registry.npmjs.org/commander 354ms (cache revalidated)
npm http fetch GET 200 https://registry.npmjs.org/listr2 347ms (cache revalidated)
npm http fetch GET 200 https://registry.npmjs.org/execa 358ms (cache revalidated)
npm http fetch GET 200 https://registry.npmjs.org/cachedir 363ms (cache revalidated)
npm http fetch GET 200 https://registry.npmjs.org/minimist 357ms (cache revalidated)
npm http fetch GET 200 https://registry.npmjs.org/ospath 360ms (cache revalidated)
npm http fetch GET 200 https://registry.npmjs.org/is-ci 364ms (cache revalidated)
npm http fetch GET 200 https://registry.npmjs.org/fs-extra 371ms (cache revalidated)
npm http fetch GET 200 https://registry.npmjs.org/figures 373ms (cache revalidated)
npm http fetch GET 200 https://registry.npmjs.org/proxy-from-env 366ms (cache revalidated)
npm http fetch GET 200 https://registry.npmjs.org/is-installed-globally 369ms (cache revalidated)
npm http fetch GET 200 https://registry.npmjs.org/pretty-bytes 368ms (cache revalidated)
npm http fetch GET 200 https://registry.npmjs.org/supports-color 370ms (cache revalidated)
npm http fetch GET 200 https://registry.npmjs.org/bluebird 390ms (cache revalidated)
npm http fetch GET 200 https://registry.npmjs.org/extract-zip 385ms (cache revalidated)
npm http fetch GET 200 https://registry.npmjs.org/@cypress%2frequest 399ms (cache revalidated)
npm http fetch GET 200 https://registry.npmjs.org/lazy-ass 381ms (cache revalidated)
npm http fetch GET 200 https://registry.npmjs.org/process 380ms (cache revalidated)
npm http fetch GET 200 https://registry.npmjs.org/request-progress 381ms (cache revalidated)
npm http fetch GET 200 https://registry.npmjs.org/getos 387ms (cache revalidated)
npm http fetch GET 200 https://registry.npmjs.org/semver 391ms (cache revalidated)
npm http fetch GET 200 https://registry.npmjs.org/yauzl 390ms (cache revalidated)
npm http fetch GET 200 https://registry.npmjs.org/tmp 392ms (cache revalidated)
npm http fetch GET 200 https://registry.npmjs.org/untildify 399ms (cache revalidated)
npm http fetch GET 200 https://registry.npmjs.org/buffer-crc32 217ms (cache revalidated)
npm http fetch GET 200 https://registry.npmjs.org/readable-stream 217ms (cache revalidated)
npm http fetch GET 200 https://registry.npmjs.org/zip-stream 218ms (cache revalidated)
npm http fetch GET 200 https://registry.npmjs.org/tar-stream 219ms (cache revalidated)
npm http fetch GET 200 https://registry.npmjs.org/decompress-targz 212ms (cache revalidated)
npm http fetch GET 200 https://registry.npmjs.org/agent-base 219ms (cache revalidated)
npm http fetch GET 200 https://registry.npmjs.org/is-running 221ms (cache revalidated)
npm http fetch GET 200 https://registry.npmjs.org/decompress-unzip 219ms (cache revalidated)
npm http fetch GET 200 https://registry.npmjs.org/string-width 221ms (cache revalidated)
npm http fetch GET 200 https://registry.npmjs.org/archiver-utils 231ms (cache revalidated)
npm http fetch GET 200 https://registry.npmjs.org/decompress-tar 223ms (cache revalidated)
npm http fetch GET 200 https://registry.npmjs.org/ps-tree 226ms (cache revalidated)
npm http fetch GET 200 https://registry.npmjs.org/temp-fs 226ms (cache revalidated)
npm http fetch GET 200 https://registry.npmjs.org/ansi-styles 226ms (cache revalidated)
npm http fetch GET 200 https://registry.npmjs.org/jsonfile 250ms (cache revalidated)
npm http fetch GET 200 https://registry.npmjs.org/readdir-glob 266ms (cache revalidated)
npm http fetch GET 200 https://registry.npmjs.org/strip-dirs 254ms (cache revalidated)
npm http fetch GET 200 https://registry.npmjs.org/make-dir 255ms (cache revalidated)
npm http fetch GET 200 https://registry.npmjs.org/ini 249ms (cache revalidated)
npm http fetch GET 200 https://registry.npmjs.org/find-up 243ms (cache revalidated)
npm http fetch GET 200 https://registry.npmjs.org/graceful-fs 257ms (cache revalidated)
npm http fetch GET 200 https://registry.npmjs.org/decompress-tarbz2 261ms (cache revalidated)
npm http fetch GET 200 https://registry.npmjs.org/https-proxy-agent 267ms (cache revalidated)
npm http fetch GET 200 https://registry.npmjs.org/fs.realpath 251ms (cache revalidated)
npm http fetch GET 200 https://registry.npmjs.org/minimatch 250ms (cache revalidated)
npm http fetch GET 200 https://registry.npmjs.org/inflight 252ms (cache revalidated)
npm http fetch GET 200 https://registry.npmjs.org/pify 263ms (cache revalidated)
npm http fetch GET 200 https://registry.npmjs.org/universalify 260ms (cache revalidated)
npm http fetch GET 200 https://registry.npmjs.org/diff 257ms (cache revalidated)
npm http fetch GET 200 https://registry.npmjs.org/js-yaml 260ms (cache revalidated)
npm http fetch GET 200 https://registry.npmjs.org/once 265ms (cache revalidated)
npm http fetch GET 200 https://registry.npmjs.org/yargs-parser 259ms (cache revalidated)
npm http fetch GET 200 https://registry.npmjs.org/chokidar 265ms (cache revalidated)
npm http fetch GET 200 https://registry.npmjs.org/browser-stdout 273ms (cache revalidated)
npm http fetch GET 200 https://registry.npmjs.org/escape-string-regexp 273ms (cache revalidated)
npm http fetch GET 200 https://registry.npmjs.org/ms 272ms (cache revalidated)
npm http fetch GET 200 https://registry.npmjs.org/nanoid 272ms (cache revalidated)
npm http fetch GET 200 https://registry.npmjs.org/ansi-colors 277ms (cache revalidated)
npm http fetch GET 200 https://registry.npmjs.org/minimatch 274ms (cache revalidated)
npm http fetch GET 200 https://registry.npmjs.org/strip-json-comments 274ms (cache revalidated)
npm http fetch GET 200 https://registry.npmjs.org/path-is-absolute 282ms (cache revalidated)
npm http fetch GET 200 https://registry.npmjs.org/yargs-unparser 278ms (cache revalidated)
npm http fetch GET 200 https://registry.npmjs.org/serialize-javascript 279ms (cache revalidated)
npm http fetch GET 200 https://registry.npmjs.org/workerpool 285ms (cache revalidated)
npm http fetch GET 200 https://registry.npmjs.org/inherits 299ms (cache revalidated)
npm http fetch GET 200 https://registry.npmjs.org/combined-stream 286ms (cache revalidated)
npm http fetch GET 200 https://registry.npmjs.org/event-pubsub 290ms (cache revalidated)
npm http fetch GET 200 https://registry.npmjs.org/extend 291ms (cache revalidated)
npm http fetch GET 200 https://registry.npmjs.org/form-data 291ms (cache revalidated)
npm http fetch GET 200 https://registry.npmjs.org/http-signature 292ms (cache revalidated)
npm http fetch GET 200 https://registry.npmjs.org/he 311ms (cache revalidated)
npm http fetch GET 200 https://registry.npmjs.org/har-validator 299ms (cache revalidated)
npm http fetch GET 200 https://registry.npmjs.org/caseless 305ms (cache revalidated)
npm http fetch GET 200 https://registry.npmjs.org/forever-agent 305ms (cache revalidated)
npm http fetch GET 200 https://registry.npmjs.org/aws-sign2 307ms (cache revalidated)
npm http fetch GET 200 https://registry.npmjs.org/aws4 308ms (cache revalidated)
npm http fetch GET 200 https://registry.npmjs.org/is-typedarray 306ms (cache revalidated)
npm http fetch GET 200 https://registry.npmjs.org/json-stringify-safe 306ms (cache revalidated)
npm http fetch GET 200 https://registry.npmjs.org/js-queue 316ms (cache revalidated)
npm http fetch GET 200 https://registry.npmjs.org/oauth-sign 316ms (cache revalidated)
npm http fetch GET 200 https://registry.npmjs.org/isstream 317ms (cache revalidated)
npm http fetch GET 200 https://registry.npmjs.org/string-width 313ms (cache revalidated)
npm http fetch GET 200 https://registry.npmjs.org/extend 322ms (cache revalidated)
npm http fetch GET 200 https://registry.npmjs.org/js-message 334ms (cache revalidated)
npm http fetch GET 200 https://registry.npmjs.org/qs 325ms (cache revalidated)
npm http fetch GET 200 https://registry.npmjs.org/is-npm 325ms (cache revalidated)
npm http fetch GET 200 https://registry.npmjs.org/boxen 327ms (cache revalidated)
npm http fetch GET 200 https://registry.npmjs.org/tough-cookie 332ms (cache revalidated)
npm http fetch GET 200 https://registry.npmjs.org/configstore 329ms (cache revalidated)
npm http fetch GET 200 https://registry.npmjs.org/safe-buffer 334ms (cache revalidated)
npm http fetch GET 200 https://registry.npmjs.org/has-yarn 335ms (cache revalidated)
npm http fetch GET 200 https://registry.npmjs.org/is-yarn-global 330ms (cache revalidated)
npm http fetch GET 200 https://registry.npmjs.org/pupa 332ms (cache revalidated)
npm http fetch GET 200 https://registry.npmjs.org/slice-ansi 341ms (cache revalidated)
npm http fetch GET 200 https://registry.npmjs.org/latest-version 336ms (cache revalidated)
npm http fetch GET 200 https://registry.npmjs.org/mime-types 353ms (cache revalidated)
npm http fetch GET 200 https://registry.npmjs.org/performance-now 352ms (cache revalidated)
npm http fetch GET 200 https://registry.npmjs.org/ajv 350ms (cache revalidated)
npm http fetch GET 200 https://registry.npmjs.org/stack-trace 345ms (cache revalidated)
npm http fetch GET 200 https://registry.npmjs.org/tunnel-agent 370ms (cache revalidated)
npm http fetch GET 200 https://registry.npmjs.org/import-lazy 366ms (cache revalidated)
npm http fetch GET 200 https://registry.npmjs.org/colors 357ms (cache revalidated)
npm http fetch GET 200 https://registry.npmjs.org/xdg-basedir 360ms (cache revalidated)
npm http fetch GET 200 https://registry.npmjs.org/isstream 360ms (cache revalidated)
npm http fetch GET 200 https://registry.npmjs.org/cliui 359ms (cache revalidated)
npm http fetch GET 200 https://registry.npmjs.org/cycle 364ms (cache revalidated)
npm http fetch GET 200 https://registry.npmjs.org/semver-diff 372ms (cache revalidated)
npm http fetch GET 200 https://registry.npmjs.org/yargs-parser 364ms (cache revalidated)
npm http fetch GET 200 https://registry.npmjs.org/decamelize 370ms (cache revalidated)
npm http fetch GET 200 https://registry.npmjs.org/find-up 405ms (cache revalidated)
npm http fetch GET 200 https://registry.npmjs.org/get-caller-file 405ms (cache revalidated)
npm http fetch GET 200 https://registry.npmjs.org/require-directory 405ms (cache revalidated)
npm http fetch GET 200 https://registry.npmjs.org/set-blocking 404ms (cache revalidated)
npm http fetch GET 200 https://registry.npmjs.org/which-module 404ms (cache revalidated)
npm http fetch GET 200 https://registry.npmjs.org/require-main-filename 408ms (cache revalidated)
npm http fetch GET 200 https://registry.npmjs.org/eyes 412ms (cache revalidated)
npm http fetch GET 200 https://registry.npmjs.org/y18n 407ms (cache revalidated)
npm http fetch GET 200 https://registry.npmjs.org/graceful-fs 456ms (cache revalidated)
npm http fetch GET 200 https://registry.npmjs.org/lodash.defaults 62ms (cache revalidated)
npm http fetch GET 200 https://registry.npmjs.org/lodash.difference 64ms (cache revalidated)
npm http fetch GET 200 https://registry.npmjs.org/lodash.isplainobject 64ms (cache revalidated)
npm http fetch GET 200 https://registry.npmjs.org/string_decoder 64ms (cache revalidated)
npm http fetch GET 200 https://registry.npmjs.org/lodash.flatten 67ms (cache revalidated)
npm http fetch GET 200 https://registry.npmjs.org/bl 63ms (cache revalidated)
npm http fetch GET 200 https://registry.npmjs.org/normalize-path 72ms (cache revalidated)
npm http fetch GET 200 https://registry.npmjs.org/fs-constants 69ms (cache revalidated)
npm http fetch GET 200 https://registry.npmjs.org/util-deprecate 73ms (cache revalidated)
npm http fetch GET 200 https://registry.npmjs.org/compress-commons 69ms (cache revalidated)
npm http fetch GET 200 https://registry.npmjs.org/lazystream 79ms (cache revalidated)
npm http fetch GET 200 https://registry.npmjs.org/lodash.union 90ms (cache revalidated)
npm http fetch GET 200 https://registry.npmjs.org/end-of-stream 86ms (cache revalidated)
npm http fetch GET 200 https://registry.npmjs.org/process-nextick-args 43ms (cache revalidated)
npm http fetch GET 200 https://registry.npmjs.org/core-util-is 44ms (cache revalidated)
npm http fetch GET 200 https://registry.npmjs.org/isarray 43ms (cache revalidated)
npm http fetch GET 200 https://registry.npmjs.org/rimraf 70ms (cache revalidated)
npm http fetch GET 200 https://registry.npmjs.org/event-stream 84ms (cache revalidated)
npm http fetch GET 200 https://registry.npmjs.org/has-flag 38ms (cache revalidated)
npm http fetch GET 200 https://registry.npmjs.org/color-convert 50ms (cache revalidated)
npm http fetch GET 200 https://registry.npmjs.org/color-name 42ms (cache revalidated)
npm http fetch GET 200 https://registry.npmjs.org/emoji-regex 61ms (cache revalidated)
npm http fetch GET 200 https://registry.npmjs.org/is-fullwidth-code-point 62ms (cache revalidated)
npm http fetch GET 200 https://registry.npmjs.org/strip-ansi 61ms (cache revalidated)
npm http fetch GET 200 https://registry.npmjs.org/get-stream 86ms (cache revalidated)
npm http fetch GET 200 https://registry.npmjs.org/at-least-node 84ms (cache revalidated)
npm http fetch GET 200 https://registry.npmjs.org/onetime 89ms (cache revalidated)
npm http fetch GET 200 https://registry.npmjs.org/undici-types 99ms (cache revalidated)
npm http fetch GET 200 https://registry.npmjs.org/npm-run-path 92ms (cache revalidated)
npm http fetch GET 200 https://registry.npmjs.org/lodash.once 101ms (cache revalidated)
npm http fetch GET 200 https://registry.npmjs.org/ieee754 98ms (cache revalidated)
npm http fetch GET 200 https://registry.npmjs.org/human-signals 94ms (cache revalidated)
npm http fetch GET 200 https://registry.npmjs.org/global-dirs 86ms (cache revalidated)
npm http fetch GET 200 https://registry.npmjs.org/merge-stream 94ms (cache revalidated)
npm http fetch GET 200 https://registry.npmjs.org/base64-js 102ms (cache revalidated)
npm http fetch GET 200 https://registry.npmjs.org/cross-spawn 98ms (cache revalidated)
npm http fetch GET 200 https://registry.npmjs.org/get-stream 95ms (cache revalidated)
npm http fetch GET 200 https://registry.npmjs.org/@types%2fyauzl 99ms (cache revalidated)
npm http fetch GET 200 https://registry.npmjs.org/@colors%2fcolors 112ms (cache revalidated)
npm http fetch GET 200 https://registry.npmjs.org/is-path-inside 109ms (cache revalidated)
npm http fetch GET 200 https://registry.npmjs.org/ci-info 112ms (cache revalidated)
npm http fetch GET 200 https://registry.npmjs.org/is-stream 120ms (cache revalidated)
npm http fetch GET 200 https://registry.npmjs.org/rfdc 111ms (cache revalidated)
npm http fetch GET 200 https://registry.npmjs.org/throttleit 108ms (cache revalidated)
npm http fetch GET 200 https://registry.npmjs.org/p-map 115ms (cache revalidated)
npm http fetch GET 200 https://registry.npmjs.org/colorette 117ms (cache revalidated)
npm http fetch GET 200 https://registry.npmjs.org/strip-final-newline 124ms (cache revalidated)
npm http fetch GET 200 https://registry.npmjs.org/cli-truncate 118ms (cache revalidated)
npm http fetch GET 200 https://registry.npmjs.org/fd-slicer 110ms (cache revalidated)
npm http fetch GET 200 https://registry.npmjs.org/is-unicode-supported 115ms (cache revalidated)
npm http fetch GET 200 https://registry.npmjs.org/signal-exit 130ms (cache revalidated)
npm http fetch GET 200 https://registry.npmjs.org/restore-cursor 143ms (cache revalidated)
npm http fetch GET 200 https://registry.npmjs.org/through 129ms (cache revalidated)
npm http fetch GET 200 https://registry.npmjs.org/log-update 164ms (cache revalidated)
npm http fetch GET 200 https://registry.npmjs.org/rxjs 164ms (cache revalidated)
npm http fetch GET 200 https://registry.npmjs.org/wrap-ansi 164ms (cache revalidated)
npm http fetch GET 200 https://registry.npmjs.org/lru-cache 161ms (cache revalidated)
npm http fetch GET 200 https://registry.npmjs.org/url-parse 47ms (cache revalidated)
npm http fetch GET 200 https://registry.npmjs.org/side-channel 50ms (cache revalidated)
npm http fetch GET 200 https://registry.npmjs.org/assert-plus 55ms (cache revalidated)
npm http fetch GET 200 https://registry.npmjs.org/jsprim 59ms (cache revalidated)
npm http fetch GET 200 https://registry.npmjs.org/mime-db 59ms (cache revalidated)
npm http fetch GET 200 https://registry.npmjs.org/delayed-stream 67ms (cache revalidated)
npm http fetch GET 200 https://registry.npmjs.org/punycode 64ms (cache revalidated)
npm http fetch GET 200 https://registry.npmjs.org/psl 65ms (cache revalidated)
npm http fetch GET 200 https://registry.npmjs.org/sshpk 70ms (cache revalidated)
npm http fetch GET 200 https://registry.npmjs.org/asynckit 75ms (cache revalidated)
npm http fetch GET 200 https://registry.npmjs.org/file-type 66ms (cache revalidated)
npm http fetch GET 200 https://registry.npmjs.org/file-type 67ms (cache revalidated)
npm http fetch GET 200 https://registry.npmjs.org/seek-bzip 71ms (cache revalidated)
npm http fetch GET 200 https://registry.npmjs.org/file-type 75ms (cache revalidated)
npm http fetch GET 200 https://registry.npmjs.org/is-natural-number 99ms (cache revalidated)
npm http fetch GET 200 https://registry.npmjs.org/unbzip2-stream 102ms (cache revalidated)
npm http fetch GET 200 https://registry.npmjs.org/to-buffer 51ms (cache revalidated)
npm http fetch GET 200 https://registry.npmjs.org/xtend 55ms (cache revalidated)
npm http fetch GET 200 https://registry.npmjs.org/buffer-alloc 58ms (cache revalidated)
npm http fetch GET 200 https://registry.npmjs.org/object-assign 47ms (cache revalidated)
npm http fetch GET 200 https://registry.npmjs.org/pinkie-promise 48ms (cache revalidated)
npm http fetch GET 200 https://registry.npmjs.org/ansi-regex 40ms (cache revalidated)
npm http fetch GET 200 https://registry.npmjs.org/path-key 65ms (cache revalidated)
npm http fetch GET 200 https://registry.npmjs.org/which 70ms (cache revalidated)
npm http fetch GET 200 https://registry.npmjs.org/pump 72ms (cache revalidated)
npm http fetch GET 200 https://registry.npmjs.org/shebang-command 74ms (cache revalidated)
npm http fetch GET 200 https://registry.npmjs.org/path-key 77ms (cache revalidated)
npm http fetch GET 200 https://registry.npmjs.org/mimic-fn 73ms (cache revalidated)
npm http fetch GET 200 https://registry.npmjs.org/isexe 45ms (cache revalidated)
npm http fetch GET 200 https://registry.npmjs.org/shebang-regex 66ms (cache revalidated)
npm http fetch GET 200 https://registry.npmjs.org/pinkie 44ms (cache revalidated)
npm http fetch GET 200 https://registry.npmjs.org/wrappy 56ms (cache revalidated)
npm http fetch GET 200 https://registry.npmjs.org/brace-expansion 76ms (cache revalidated)
npm http fetch GET 200 https://registry.npmjs.org/jsbn 55ms (cache revalidated)
npm http fetch GET 200 https://registry.npmjs.org/ecc-jsbn 55ms (cache revalidated)
npm http fetch GET 200 https://registry.npmjs.org/json-schema 60ms (cache revalidated)
npm http fetch GET 200 https://registry.npmjs.org/getpass 58ms (cache revalidated)
npm http fetch GET 200 https://registry.npmjs.org/safer-buffer 58ms (cache revalidated)
npm http fetch GET 200 https://registry.npmjs.org/dashdash 59ms (cache revalidated)
npm http fetch GET 200 https://registry.npmjs.org/verror 62ms (cache revalidated)
npm http fetch GET 200 https://registry.npmjs.org/asn1 60ms (cache revalidated)
npm http fetch GET 200 https://registry.npmjs.org/bcrypt-pbkdf 61ms (cache revalidated)
npm http fetch GET 200 https://registry.npmjs.org/tweetnacl 62ms (cache revalidated)
npm http fetch GET 200 https://registry.npmjs.org/extsprintf 68ms (cache revalidated)
npm http fetch GET 200 https://registry.npmjs.org/ansi-escapes 49ms (cache revalidated)
npm http fetch GET 200 https://registry.npmjs.org/tslib 50ms (cache revalidated)
npm http fetch GET 200 https://registry.npmjs.org/aggregate-error 87ms (cache revalidated)
npm http fetch GET 200 https://registry.npmjs.org/astral-regex 43ms (cache revalidated)
npm http fetch GET 200 https://registry.npmjs.org/type-fest 50ms (cache revalidated)
npm http fetch GET 200 https://registry.npmjs.org/concat-map 40ms (cache revalidated)
npm http fetch GET 200 https://registry.npmjs.org/balanced-match 53ms (cache revalidated)
npm http fetch GET 200 https://registry.npmjs.org/locate-path 64ms (cache revalidated)
npm http fetch GET 200 https://registry.npmjs.org/is-binary-path 71ms (cache revalidated)
npm http fetch GET 200 https://registry.npmjs.org/anymatch 74ms (cache revalidated)
npm http fetch GET 200 https://registry.npmjs.org/randombytes 67ms (cache revalidated)
npm http fetch GET 200 https://registry.npmjs.org/path-exists 70ms (cache revalidated)
npm http fetch GET 200 https://registry.npmjs.org/escalade 66ms (cache revalidated)
npm http fetch GET 200 https://registry.npmjs.org/is-plain-obj 69ms (cache revalidated)
npm http fetch GET 200 https://registry.npmjs.org/fsevents 79ms (cache revalidated)
npm http fetch GET 200 https://registry.npmjs.org/argparse 78ms (cache revalidated)
npm http fetch GET 200 https://registry.npmjs.org/flat 75ms (cache revalidated)
npm http fetch GET 200 https://registry.npmjs.org/is-glob 87ms (cache revalidated)
npm http fetch GET 200 https://registry.npmjs.org/camelcase 77ms (cache revalidated)
npm http fetch GET 200 https://registry.npmjs.org/glob-parent 90ms (cache revalidated)
npm http fetch GET 200 https://registry.npmjs.org/braces 91ms (cache revalidated)
npm http fetch GET 200 https://registry.npmjs.org/readdirp 119ms (cache revalidated)
npm http fetch GET 200 https://registry.npmjs.org/binary-extensions 46ms (cache revalidated)
npm http fetch GET 200 https://registry.npmjs.org/fill-range 51ms (cache revalidated)
npm http fetch GET 200 https://registry.npmjs.org/is-extglob 50ms (cache revalidated)
npm http fetch GET 200 https://registry.npmjs.org/picomatch 54ms (cache revalidated)
npm http fetch GET 200 https://registry.npmjs.org/picomatch 61ms (cache revalidated)
npm http fetch GET 200 https://registry.npmjs.org/to-regex-range 54ms (cache revalidated)
npm http fetch GET 200 https://registry.npmjs.org/is-number 43ms (cache revalidated)
npm http fetch GET 200 https://registry.npmjs.org/p-locate 50ms (cache revalidated)
npm http fetch GET 200 https://registry.npmjs.org/p-limit 43ms (cache revalidated)
npm http fetch GET 200 https://registry.npmjs.org/easy-stack 55ms (cache revalidated)
npm http fetch GET 200 https://registry.npmjs.org/yocto-queue 44ms (cache revalidated)
npm http fetch GET 200 https://registry.npmjs.org/clean-stack 41ms (cache revalidated)
npm http fetch GET 200 https://registry.npmjs.org/indent-string 47ms (cache revalidated)
npm http fetch GET 200 https://registry.npmjs.org/split 49ms (cache revalidated)
npm http fetch GET 200 https://registry.npmjs.org/stream-combiner 51ms (cache revalidated)
npm http fetch GET 200 https://registry.npmjs.org/map-stream 55ms (cache revalidated)
npm http fetch GET 200 https://registry.npmjs.org/duplexer 58ms (cache revalidated)
npm http fetch GET 200 https://registry.npmjs.org/pause-stream 56ms (cache revalidated)
npm http fetch GET 200 https://registry.npmjs.org/from 99ms (cache revalidated)
npm http fetch GET 200 https://registry.npmjs.org/call-bind 39ms (cache revalidated)
npm http fetch GET 200 https://registry.npmjs.org/object-inspect 43ms (cache revalidated)
npm http fetch GET 200 https://registry.npmjs.org/get-intrinsic 54ms (cache revalidated)
npm http fetch GET 200 https://registry.npmjs.org/har-schema 51ms (cache revalidated)
npm http fetch GET 200 https://registry.npmjs.org/fast-deep-equal 41ms (cache revalidated)
npm http fetch GET 200 https://registry.npmjs.org/uri-js 41ms (cache revalidated)
npm http fetch GET 200 https://registry.npmjs.org/fast-json-stable-stringify 48ms (cache revalidated)
npm http fetch GET 200 https://registry.npmjs.org/json-schema-traverse 75ms (cache revalidated)
npm http fetch GET 200 https://registry.npmjs.org/yallist 48ms (cache revalidated)
npm http fetch GET 200 https://registry.npmjs.org/has-symbols 46ms (cache revalidated)
npm http fetch GET 200 https://registry.npmjs.org/set-function-length 60ms (cache revalidated)
npm http fetch GET 200 https://registry.npmjs.org/function-bind 62ms (cache revalidated)
npm http fetch GET 200 https://registry.npmjs.org/hasown 60ms (cache revalidated)
npm http fetch GET 200 https://registry.npmjs.org/has-proto 62ms (cache revalidated)
npm http fetch GET 200 https://registry.npmjs.org/define-data-property 44ms (cache revalidated)
npm http fetch GET 200 https://registry.npmjs.org/gopd 46ms (cache revalidated)
npm http fetch GET 200 https://registry.npmjs.org/has-property-descriptors 47ms (cache revalidated)
npm http fetch GET 200 https://registry.npmjs.org/requires-port 42ms (cache revalidated)
npm http fetch GET 200 https://registry.npmjs.org/querystringify 42ms (cache revalidated)
npm http fetch GET 200 https://registry.npmjs.org/dot-prop 55ms (cache revalidated)
npm http fetch GET 200 https://registry.npmjs.org/escape-goat 52ms (cache revalidated)
npm http fetch GET 200 https://registry.npmjs.org/write-file-atomic 56ms (cache revalidated)
npm http fetch GET 200 https://registry.npmjs.org/package-json 53ms (cache revalidated)
npm http fetch GET 200 https://registry.npmjs.org/ansi-align 60ms (cache revalidated)
npm http fetch GET 200 https://registry.npmjs.org/cli-boxes 63ms (cache revalidated)
npm http fetch GET 200 https://registry.npmjs.org/widest-line 63ms (cache revalidated)
npm http fetch GET 200 https://registry.npmjs.org/unique-string 77ms (cache revalidated)
npm http fetch GET 200 https://registry.npmjs.org/typedarray-to-buffer 39ms (cache revalidated)
npm http fetch GET 200 https://registry.npmjs.org/is-obj 44ms (cache revalidated)
npm http fetch GET 200 https://registry.npmjs.org/crypto-random-string 45ms (cache revalidated)
npm http fetch GET 200 https://registry.npmjs.org/imurmurhash 49ms (cache revalidated)
npm http fetch GET 200 https://registry.npmjs.org/registry-url 43ms (cache revalidated)
npm http fetch GET 200 https://registry.npmjs.org/got 46ms (cache revalidated)
npm http fetch GET 200 https://registry.npmjs.org/registry-auth-token 51ms (cache revalidated)
npm http fetch GET 200 https://registry.npmjs.org/cacheable-request 77ms (cache revalidated)
npm http fetch GET 200 https://registry.npmjs.org/decompress-response 79ms (cache revalidated)
npm http fetch GET 200 https://registry.npmjs.org/mimic-response 80ms (cache revalidated)
npm http fetch GET 200 https://registry.npmjs.org/duplexer3 84ms (cache revalidated)
npm http fetch GET 200 https://registry.npmjs.org/rc 82ms (cache revalidated)
npm http fetch GET 200 https://registry.npmjs.org/url-parse-lax 85ms (cache revalidated)
npm http fetch GET 200 https://registry.npmjs.org/p-cancelable 87ms (cache revalidated)
npm http fetch GET 200 https://registry.npmjs.org/to-readable-stream 87ms (cache revalidated)
npm http fetch GET 200 https://registry.npmjs.org/lowercase-keys 95ms (cache revalidated)
npm http fetch GET 200 https://registry.npmjs.org/@szmarczak%2fhttp-timer 103ms (cache revalidated)
npm http fetch GET 200 https://registry.npmjs.org/rc 101ms (cache revalidated)
npm http fetch GET 200 https://registry.npmjs.org/@sindresorhus%2fis 118ms (cache revalidated)
npm http fetch GET 200 https://registry.npmjs.org/prepend-http 39ms (cache revalidated)
npm http fetch GET 200 https://registry.npmjs.org/keyv 50ms (cache revalidated)
npm http fetch GET 200 https://registry.npmjs.org/responselike 52ms (cache revalidated)
npm http fetch GET 200 https://registry.npmjs.org/http-cache-semantics 61ms (cache revalidated)
npm http fetch GET 200 https://registry.npmjs.org/normalize-url 61ms (cache revalidated)
npm http fetch GET 200 https://registry.npmjs.org/clone-response 64ms (cache revalidated)
npm http fetch GET 200 https://registry.npmjs.org/defer-to-connect 71ms (cache revalidated)
npm http fetch GET 200 https://registry.npmjs.org/json-buffer 52ms (cache revalidated)
npm http fetch GET 200 https://registry.npmjs.org/deep-extend 84ms (cache revalidated)
npm http fetch GET 200 https://registry.npmjs.org/pend 59ms (cache revalidated)
npm http fetch GET 200 https://registry.npmjs.org/crc32-stream 50ms (cache revalidated)
npm http fetch GET 200 https://registry.npmjs.org/crc-32 53ms (cache revalidated)
npm http fetch GET 200 https://registry.npmjs.org/buffer-alloc-unsafe 46ms (cache revalidated)
npm http fetch GET 200 https://registry.npmjs.org/buffer-fill 48ms (cache revalidated)
npm http fetch GET 200 https://registry.npmjs.org/p-try 49ms (cache revalidated)
npm verb reify failed optional dependency C:\Users\Duishembieva\Desktop\MonstersV1\tmpBstackPackages\node_modules\fsevents
npm http fetch POST 200 https://registry.npmjs.org/-/npm/v1/security/advisories/bulk 412ms
npm WARN deprecated har-validator@5.1.5: this library is no longer supported
npm WARN deprecated uuid@3.4.0: Please upgrade  to version 7 or higher.  Older versions may use Math.random() in certain circumstances, which is known to be problematic.  See https://v8.dev/blog/math-random for details.
npm WARN deprecated request@2.88.2: request has been deprecated, see https://github.com/request/request/issues/3142
npm info run cypress@13.6.1 postinstall node_modules/cypress node index.js --exec install
npm info run cypress@13.6.1 postinstall { code: 0, signal: null }

added 449 packages, and audited 450 packages in 10s

66 packages are looking for funding
  run `npm fund` for details

7 moderate severity vulnerabilities

To address all issues (including breaking changes), run:
  npm audit fix --force

Run `npm audit` for details.
npm verb exit 0
npm info ok 
